[2021-08-05 13:58:08] production.ERROR: Undefined index: name {"exception":"[object] (ErrorException(code: 0): Undefined index: name at C:\\Users\\Stijn\\Documents\\git Clones\\ThemeParkPanel\\vendor\\laravel\\framework\\src\\Illuminate\\Foundation\\PackageManifest.php:122)
[stacktrace]
#0 C:\\Users\\Stijn\\Documents\\git Clones\\ThemeParkPanel\\vendor\\laravel\\framework\\src\\Illuminate\\Foundation\\PackageManifest.php(122): Illuminate\\Foundation\\Bootstrap\\HandleExceptions->handleError(8, 'Undefined index...', 'C:\\\\Users\\\\Stijn\\\\...', 122, Array)
#1 C:\\Users\\Stijn\\Documents\\git Clones\\ThemeParkPanel\\vendor\\laravel\\framework\\src\\Illuminate\\Support\\Collection.php(685): Illuminate\\Foundation\\PackageManifest->Illuminate\\Foundation\\{closure}(Array, 'packages')
#2 C:\\Users\\Stijn\\Documents\\git Clones\\ThemeParkPanel\\vendor\\laravel\\framework\\src\\Illuminate\\Foundation\\PackageManifest.php(123): Illuminate\\Support\\Collection->mapWithKeys(Object(Closure))
#3 C:\\Users\\Stijn\\Documents\\git Clones\\ThemeParkPanel\\vendor\\laravel\\framework\\src\\Illuminate\\Foundation\\PackageManifest.php(97): Illuminate\\Foundation\\PackageManifest->build()
#4 C:\\Users\\Stijn\\Documents\\git Clones\\ThemeParkPanel\\vendor\\laravel\\framework\\src\\Illuminate\\Foundation\\PackageManifest.php(80): Illuminate\\Foundation\\PackageManifest->getManifest()
#5 C:\\Users\\Stijn\\Documents\\git Clones\\ThemeParkPanel\\vendor\\laravel\\framework\\src\\Illuminate\\Foundation\\Bootstrap\\RegisterFacades.php(26): Illuminate\\Foundation\\PackageManifest->aliases()
#6 C:\\Users\\Stijn\\Documents\\git Clones\\ThemeParkPanel\\vendor\\laravel\\framework\\src\\Illuminate\\Foundation\\Application.php(211): Illuminate\\Foundation\\Bootstrap\\RegisterFacades->bootstrap(Object(Illuminate\\Foundation\\Application))
#7 C:\\Users\\Stijn\\Documents\\git Clones\\ThemeParkPanel\\vendor\\laravel\\framework\\src\\Illuminate\\Foundation\\Console\\Kernel.php(320): Illuminate\\Foundation\\Application->bootstrapWith(Array)
#8 C:\\Users\\Stijn\\Documents\\git Clones\\ThemeParkPanel\\vendor\\laravel\\framework\\src\\Illuminate\\Foundation\\Console\\Kernel.php(129): Illuminate\\Foundation\\Console\\Kernel->bootstrap()
#9 C:\\Users\\Stijn\\Documents\\git Clones\\ThemeParkPanel\\artisan(37): Illuminate\\Foundation\\Console\\Kernel->handle(Object(Symfony\\Component\\Console\\Input\\ArgvInput), Object(Symfony\\Component\\Console\\Output\\ConsoleOutput))
#10 {main}
"} 
[2021-08-05 14:25:25] production.ERROR: SQLSTATE[HY000] [2002] Kan geen verbinding maken omdat de doelcomputer de verbinding actief heeft geweigerd.
 (SQL: select * from information_schema.tables where table_schema = forge and table_name = actionfotos and table_type = 'BASE TABLE') {"exception":"[object] (Illuminate\\Database\\QueryException(code: 2002): SQLSTATE[HY000] [2002] Kan geen verbinding maken omdat de doelcomputer de verbinding actief heeft geweigerd.
 (SQL: select * from information_schema.tables where table_schema = forge and table_name = actionfotos and table_type = 'BASE TABLE') at C:\\Users\\Stijn\\Documents\\git Clones\\ThemeParkPanel\\vendor\\laravel\\framework\\src\\Illuminate\\Database\\Connection.php:669)
[stacktrace]
#0 C:\\Users\\Stijn\\Documents\\git Clones\\ThemeParkPanel\\vendor\\laravel\\framework\\src\\Illuminate\\Database\\Connection.php(629): Illuminate\\Database\\Connection->runQueryCallback('select * from i...', Array, Object(Closure))
#1 C:\\Users\\Stijn\\Documents\\git Clones\\ThemeParkPanel\\vendor\\laravel\\framework\\src\\Illuminate\\Database\\Connection.php(338): Illuminate\\Database\\Connection->run('select * from i...', Array, Object(Closure))
#2 C:\\Users\\Stijn\\Documents\\git Clones\\ThemeParkPanel\\vendor\\laravel\\framework\\src\\Illuminate\\Database\\Schema\\MySqlBuilder.php(18): Illuminate\\Database\\Connection->select('select * from i...', Array)
#3 C:\\Users\\Stijn\\Documents\\git Clones\\ThemeParkPanel\outes\\web.php(95): Illuminate\\Database\\Schema\\MySqlBuilder->hasTable('actionfotos')
#4 C:\\Users\\Stijn\\Documents\\git Clones\\ThemeParkPanel\\vendor\\laravel\\framework\\src\\Illuminate\\Routing\\RouteFileRegistrar.php(35): require('C:\\\\Users\\\\Stijn\\\\...')
#5 C:\\Users\\Stijn\\Documents\\git Clones\\ThemeParkPanel\\vendor\\laravel\\framework\\src\\Illuminate\\Routing\\Router.php(416): Illuminate\\Routing\\RouteFileRegistrar->register('C:\\\\Users\\\\Stijn\\\\...')
#6 C:\\Users\\Stijn\\Documents\\git Clones\\ThemeParkPanel\\vendor\\laravel\\framework\\src\\Illuminate\\Routing\\Router.php(374): Illuminate\\Routing\\Router->loadRoutes('C:\\\\Users\\\\Stijn\\\\...')
#7 C:\\Users\\Stijn\\Documents\\git Clones\\ThemeParkPanel\\vendor\\laravel\\framework\\src\\Illuminate\\Routing\\RouteRegistrar.php(122): Illuminate\\Routing\\Router->group(Array, 'C:\\\\Users\\\\Stijn\\\\...')
#8 C:\\Users\\Stijn\\Documents\\git Clones\\ThemeParkPanel\\app\\Providers\\RouteServiceProvider.php(56): Illuminate\\Routing\\RouteRegistrar->group('C:\\\\Users\\\\Stijn\\\\...')
#9 C:\\Users\\Stijn\\Documents\\git Clones\\ThemeParkPanel\\app\\Providers\\RouteServiceProvider.php(40): App\\Providers\\RouteServiceProvider->mapWebRoutes()
#10 C:\\Users\\Stijn\\Documents\\git Clones\\ThemeParkPanel\\vendor\\laravel\\framework\\src\\Illuminate\\Container\\BoundMethod.php(36): App\\Providers\\RouteServiceProvider->map()
#11 C:\\Users\\Stijn\\Documents\\git Clones\\ThemeParkPanel\\vendor\\laravel\\framework\\src\\Illuminate\\Container\\Util.php(37): Illuminate\\Container\\BoundMethod::Illuminate\\Container\\{closure}()
#12 C:\\Users\\Stijn\\Documents\\git Clones\\ThemeParkPanel\\vendor\\laravel\\framework\\src\\Illuminate\\Container\\BoundMethod.php(93): Illuminate\\Container\\Util::unwrapIfClosure(Object(Closure))
#13 C:\\Users\\Stijn\\Documents\\git Clones\\ThemeParkPanel\\vendor\\laravel\\framework\\src\\Illuminate\\Container\\BoundMethod.php(37): Illuminate\\Container\\BoundMethod::callBoundMethod(Object(Illuminate\\Foundation\\Application), Array, Object(Closure))
#14 C:\\Users\\Stijn\\Documents\\git Clones\\ThemeParkPanel\\vendor\\laravel\\framework\\src\\Illuminate\\Container\\Container.php(590): Illuminate\\Container\\BoundMethod::call(Object(Illuminate\\Foundation\\Application), Array, Array, NULL)
#15 C:\\Users\\Stijn\\Documents\\git Clones\\ThemeParkPanel\\vendor\\laravel\\framework\\src\\Illuminate\\Foundation\\Support\\Providers\\RouteServiceProvider.php(87): Illuminate\\Container\\Container->call(Array)
#16 C:\\Users\\Stijn\\Documents\\git Clones\\ThemeParkPanel\\vendor\\laravel\\framework\\src\\Illuminate\\Foundation\\Support\\Providers\\RouteServiceProvider.php(36): Illuminate\\Foundation\\Support\\Providers\\RouteServiceProvider->loadRoutes()
#17 C:\\Users\\Stijn\\Documents\\git Clones\\ThemeParkPanel\\app\\Providers\\RouteServiceProvider.php(28): Illuminate\\Foundation\\Support\\Providers\\RouteServiceProvider->boot()
#18 C:\\Users\\Stijn\\Documents\\git Clones\\ThemeParkPanel\\vendor\\laravel\\framework\\src\\Illuminate\\Container\\BoundMethod.php(36): App\\Providers\\RouteServiceProvider->boot()
#19 C:\\Users\\Stijn\\Documents\\git Clones\\ThemeParkPanel\\vendor\\laravel\\framework\\src\\Illuminate\\Container\\Util.php(37): Illuminate\\Container\\BoundMethod::Illuminate\\Container\\{closure}()
#20 C:\\Users\\Stijn\\Documents\\git Clones\\ThemeParkPanel\\vendor\\laravel\\framework\\src\\Illuminate\\Container\\BoundMethod.php(93): Illuminate\\Container\\Util::unwrapIfClosure(Object(Closure))
#21 C:\\Users\\Stijn\\Documents\\git Clones\\ThemeParkPanel\\vendor\\laravel\\framework\\src\\Illuminate\\Container\\BoundMethod.php(37): Illuminate\\Container\\BoundMethod::callBoundMethod(Object(Illuminate\\Foundation\\Application), Array, Object(Closure))
#22 C:\\Users\\Stijn\\Documents\\git Clones\\ThemeParkPanel\\vendor\\laravel\\framework\\src\\Illuminate\\Container\\Container.php(590): Illuminate\\Container\\BoundMethod::call(Object(Illuminate\\Foundation\\Application), Array, Array, NULL)
#23 C:\\Users\\Stijn\\Documents\\git Clones\\ThemeParkPanel\\vendor\\laravel\\framework\\src\\Illuminate\\Foundation\\Application.php(856): Illuminate\\Container\\Container->call(Array)
#24 C:\\Users\\Stijn\\Documents\\git Clones\\ThemeParkPanel\\vendor\\laravel\\framework\\src\\Illuminate\\Foundation\\Application.php(839): Illuminate\\Foundation\\Application->bootProvider(Object(App\\Providers\\RouteServiceProvider))
#25 [internal function]: Illuminate\\Foundation\\Application->Illuminate\\Foundation\\{closure}(Object(App\\Providers\\RouteServiceProvider), 26)
#26 C:\\Users\\Stijn\\Documents\\git Clones\\ThemeParkPanel\\vendor\\laravel\\framework\\src\\Illuminate\\Foundation\\Application.php(840): array_walk(Array, Object(Closure))
#27 C:\\Users\\Stijn\\Documents\\git Clones\\ThemeParkPanel\\vendor\\laravel\\framework\\src\\Illuminate\\Foundation\\Bootstrap\\BootProviders.php(17): Illuminate\\Foundation\\Application->boot()
#28 C:\\Users\\Stijn\\Documents\\git Clones\\ThemeParkPanel\\vendor\\laravel\\framework\\src\\Illuminate\\Foundation\\Application.php(219): Illuminate\\Foundation\\Bootstrap\\BootProviders->bootstrap(Object(Illuminate\\Foundation\\Application))
#29 C:\\Users\\Stijn\\Documents\\git Clones\\ThemeParkPanel\\vendor\\laravel\\framework\\src\\Illuminate\\Foundation\\Console\\Kernel.php(320): Illuminate\\Foundation\\Application->bootstrapWith(Array)
#30 C:\\Users\\Stijn\\Documents\\git Clones\\ThemeParkPanel\\vendor\\laravel\\framework\\src\\Illuminate\\Foundation\\Console\\Kernel.php(129): Illuminate\\Foundation\\Console\\Kernel->bootstrap()
#31 C:\\Users\\Stijn\\Documents\\git Clones\\ThemeParkPanel\\artisan(37): Illuminate\\Foundation\\Console\\Kernel->handle(Object(Symfony\\Component\\Console\\Input\\ArgvInput), Object(Symfony\\Component\\Console\\Output\\ConsoleOutput))
#32 {main}

[previous exception] [object] (PDOException(code: 2002): SQLSTATE[HY000] [2002] Kan geen verbinding maken omdat de doelcomputer de verbinding actief heeft geweigerd.
 at C:\\Users\\Stijn\\Documents\\git Clones\\ThemeParkPanel\\vendor\\laravel\\framework\\src\\Illuminate\\Database\\Connectors\\Connector.php:70)
[stacktrace]
#0 C:\\Users\\Stijn\\Documents\\git Clones\\ThemeParkPanel\\vendor\\laravel\\framework\\src\\Illuminate\\Database\\Connectors\\Connector.php(70): PDO->__construct('mysql:host=127....', 'forge', '', Array)
#1 C:\\Users\\Stijn\\Documents\\git Clones\\ThemeParkPanel\\vendor\\laravel\\framework\\src\\Illuminate\\Database\\Connectors\\Connector.php(46): Illuminate\\Database\\Connectors\\Connector->createPdoConnection('mysql:host=127....', 'forge', '', Array)
#2 C:\\Users\\Stijn\\Documents\\git Clones\\ThemeParkPanel\\vendor\\laravel\\framework\\src\\Illuminate\\Database\\Connectors\\MySqlConnector.php(24): Illuminate\\Database\\Connectors\\Connector->createConnection('mysql:host=127....', Array, Array)
#3 C:\\Users\\Stijn\\Documents\\git Clones\\ThemeParkPanel\\vendor\\laravel\\framework\\src\\Illuminate\\Database\\Connectors\\ConnectionFactory.php(182): Illuminate\\Database\\Connectors\\MySqlConnector->connect(Array)
#4 [internal function]: Illuminate\\Database\\Connectors\\ConnectionFactory->Illuminate\\Database\\Connectors\\{closure}()
#5 C:\\Users\\Stijn\\Documents\\git Clones\\ThemeParkPanel\\vendor\\laravel\\framework\\src\\Illuminate\\Database\\Connection.php(924): call_user_func(Object(Closure))
#6 C:\\Users\\Stijn\\Documents\\git Clones\\ThemeParkPanel\\vendor\\laravel\\framework\\src\\Illuminate\\Database\\Connection.php(959): Illuminate\\Database\\Connection->getPdo()
#7 C:\\Users\\Stijn\\Documents\\git Clones\\ThemeParkPanel\\vendor\\laravel\\framework\\src\\Illuminate\\Database\\Connection.php(404): Illuminate\\Database\\Connection->getReadPdo()
#8 C:\\Users\\Stijn\\Documents\\git Clones\\ThemeParkPanel\\vendor\\laravel\\framework\\src\\Illuminate\\Database\\Connection.php(330): Illuminate\\Database\\Connection->getPdoForSelect(true)
#9 C:\\Users\\Stijn\\Documents\\git Clones\\ThemeParkPanel\\vendor\\laravel\\framework\\src\\Illuminate\\Database\\Connection.php(662): Illuminate\\Database\\Connection->Illuminate\\Database\\{closure}('select * from i...', Array)
#10 C:\\Users\\Stijn\\Documents\\git Clones\\ThemeParkPanel\\vendor\\laravel\\framework\\src\\Illuminate\\Database\\Connection.php(629): Illuminate\\Database\\Connection->runQueryCallback('select * from i...', Array, Object(Closure))
#11 C:\\Users\\Stijn\\Documents\\git Clones\\ThemeParkPanel\\vendor\\laravel\\framework\\src\\Illuminate\\Database\\Connection.php(338): Illuminate\\Database\\Connection->run('select * from i...', Array, Object(Closure))
#12 C:\\Users\\Stijn\\Documents\\git Clones\\ThemeParkPanel\\vendor\\laravel\\framework\\src\\Illuminate\\Database\\Schema\\MySqlBuilder.php(18): Illuminate\\Database\\Connection->select('select * from i...', Array)
#13 C:\\Users\\Stijn\\Documents\\git Clones\\ThemeParkPanel\outes\\web.php(95): Illuminate\\Database\\Schema\\MySqlBuilder->hasTable('actionfotos')
#14 C:\\Users\\Stijn\\Documents\\git Clones\\ThemeParkPanel\\vendor\\laravel\\framework\\src\\Illuminate\\Routing\\RouteFileRegistrar.php(35): require('C:\\\\Users\\\\Stijn\\\\...')
#15 C:\\Users\\Stijn\\Documents\\git Clones\\ThemeParkPanel\\vendor\\laravel\\framework\\src\\Illuminate\\Routing\\Router.php(416): Illuminate\\Routing\\RouteFileRegistrar->register('C:\\\\Users\\\\Stijn\\\\...')
#16 C:\\Users\\Stijn\\Documents\\git Clones\\ThemeParkPanel\\vendor\\laravel\\framework\\src\\Illuminate\\Routing\\Router.php(374): Illuminate\\Routing\\Router->loadRoutes('C:\\\\Users\\\\Stijn\\\\...')
#17 C:\\Users\\Stijn\\Documents\\git Clones\\ThemeParkPanel\\vendor\\laravel\\framework\\src\\Illuminate\\Routing\\RouteRegistrar.php(122): Illuminate\\Routing\\Router->group(Array, 'C:\\\\Users\\\\Stijn\\\\...')
#18 C:\\Users\\Stijn\\Documents\\git Clones\\ThemeParkPanel\\app\\Providers\\RouteServiceProvider.php(56): Illuminate\\Routing\\RouteRegistrar->group('C:\\\\Users\\\\Stijn\\\\...')
#19 C:\\Users\\Stijn\\Documents\\git Clones\\ThemeParkPanel\\app\\Providers\\RouteServiceProvider.php(40): App\\Providers\\RouteServiceProvider->mapWebRoutes()
#20 C:\\Users\\Stijn\\Documents\\git Clones\\ThemeParkPanel\\vendor\\laravel\\framework\\src\\Illuminate\\Container\\BoundMethod.php(36): App\\Providers\\RouteServiceProvider->map()
#21 C:\\Users\\Stijn\\Documents\\git Clones\\ThemeParkPanel\\vendor\\laravel\\framework\\src\\Illuminate\\Container\\Util.php(37): Illuminate\\Container\\BoundMethod::Illuminate\\Container\\{closure}()
#22 C:\\Users\\Stijn\\Documents\\git Clones\\ThemeParkPanel\\vendor\\laravel\\framework\\src\\Illuminate\\Container\\BoundMethod.php(93): Illuminate\\Container\\Util::unwrapIfClosure(Object(Closure))
#23 C:\\Users\\Stijn\\Documents\\git Clones\\ThemeParkPanel\\vendor\\laravel\\framework\\src\\Illuminate\\Container\\BoundMethod.php(37): Illuminate\\Container\\BoundMethod::callBoundMethod(Object(Illuminate\\Foundation\\Application), Array, Object(Closure))
#24 C:\\Users\\Stijn\\Documents\\git Clones\\ThemeParkPanel\\vendor\\laravel\\framework\\src\\Illuminate\\Container\\Container.php(590): Illuminate\\Container\\BoundMethod::call(Object(Illuminate\\Foundation\\Application), Array, Array, NULL)
#25 C:\\Users\\Stijn\\Documents\\git Clones\\ThemeParkPanel\\vendor\\laravel\\framework\\src\\Illuminate\\Foundation\\Support\\Providers\\RouteServiceProvider.php(87): Illuminate\\Container\\Container->call(Array)
#26 C:\\Users\\Stijn\\Documents\\git Clones\\ThemeParkPanel\\vendor\\laravel\\framework\\src\\Illuminate\\Foundation\\Support\\Providers\\RouteServiceProvider.php(36): Illuminate\\Foundation\\Support\\Providers\\RouteServiceProvider->loadRoutes()
#27 C:\\Users\\Stijn\\Documents\\git Clones\\ThemeParkPanel\\app\\Providers\\RouteServiceProvider.php(28): Illuminate\\Foundation\\Support\\Providers\\RouteServiceProvider->boot()
#28 C:\\Users\\Stijn\\Documents\\git Clones\\ThemeParkPanel\\vendor\\laravel\\framework\\src\\Illuminate\\Container\\BoundMethod.php(36): App\\Providers\\RouteServiceProvider->boot()
#29 C:\\Users\\Stijn\\Documents\\git Clones\\ThemeParkPanel\\vendor\\laravel\\framework\\src\\Illuminate\\Container\\Util.php(37): Illuminate\\Container\\BoundMethod::Illuminate\\Container\\{closure}()
#30 C:\\Users\\Stijn\\Documents\\git Clones\\ThemeParkPanel\\vendor\\laravel\\framework\\src\\Illuminate\\Container\\BoundMethod.php(93): Illuminate\\Container\\Util::unwrapIfClosure(Object(Closure))
#31 C:\\Users\\Stijn\\Documents\\git Clones\\ThemeParkPanel\\vendor\\laravel\\framework\\src\\Illuminate\\Container\\BoundMethod.php(37): Illuminate\\Container\\BoundMethod::callBoundMethod(Object(Illuminate\\Foundation\\Application), Array, Object(Closure))
#32 C:\\Users\\Stijn\\Documents\\git Clones\\ThemeParkPanel\\vendor\\laravel\\framework\\src\\Illuminate\\Container\\Container.php(590): Illuminate\\Container\\BoundMethod::call(Object(Illuminate\\Foundation\\Application), Array, Array, NULL)
#33 C:\\Users\\Stijn\\Documents\\git Clones\\ThemeParkPanel\\vendor\\laravel\\framework\\src\\Illuminate\\Foundation\\Application.php(856): Illuminate\\Container\\Container->call(Array)
#34 C:\\Users\\Stijn\\Documents\\git Clones\\ThemeParkPanel\\vendor\\laravel\\framework\\src\\Illuminate\\Foundation\\Application.php(839): Illuminate\\Foundation\\Application->bootProvider(Object(App\\Providers\\RouteServiceProvider))
#35 [internal function]: Illuminate\\Foundation\\Application->Illuminate\\Foundation\\{closure}(Object(App\\Providers\\RouteServiceProvider), 26)
#36 C:\\Users\\Stijn\\Documents\\git Clones\\ThemeParkPanel\\vendor\\laravel\\framework\\src\\Illuminate\\Foundation\\Application.php(840): array_walk(Array, Object(Closure))
#37 C:\\Users\\Stijn\\Documents\\git Clones\\ThemeParkPanel\\vendor\\laravel\\framework\\src\\Illuminate\\Foundation\\Bootstrap\\BootProviders.php(17): Illuminate\\Foundation\\Application->boot()
#38 C:\\Users\\Stijn\\Documents\\git Clones\\ThemeParkPanel\\vendor\\laravel\\framework\\src\\Illuminate\\Foundation\\Application.php(219): Illuminate\\Foundation\\Bootstrap\\BootProviders->bootstrap(Object(Illuminate\\Foundation\\Application))
#39 C:\\Users\\Stijn\\Documents\\git Clones\\ThemeParkPanel\\vendor\\laravel\\framework\\src\\Illuminate\\Foundation\\Console\\Kernel.php(320): Illuminate\\Foundation\\Application->bootstrapWith(Array)
#40 C:\\Users\\Stijn\\Documents\\git Clones\\ThemeParkPanel\\vendor\\laravel\\framework\\src\\Illuminate\\Foundation\\Console\\Kernel.php(129): Illuminate\\Foundation\\Console\\Kernel->bootstrap()
#41 C:\\Users\\Stijn\\Documents\\git Clones\\ThemeParkPanel\\artisan(37): Illuminate\\Foundation\\Console\\Kernel->handle(Object(Symfony\\Component\\Console\\Input\\ArgvInput), Object(Symfony\\Component\\Console\\Output\\ConsoleOutput))
#42 {main}
"} 
[2021-08-05 14:26:07] production.ERROR: SQLSTATE[HY000] [2002] Kan geen verbinding maken omdat de doelcomputer de verbinding actief heeft geweigerd.
 (SQL: select * from information_schema.tables where table_schema = forge and table_name = actionfotos and table_type = 'BASE TABLE') {"exception":"[object] (Illuminate\\Database\\QueryException(code: 2002): SQLSTATE[HY000] [2002] Kan geen verbinding maken omdat de doelcomputer de verbinding actief heeft geweigerd.
 (SQL: select * from information_schema.tables where table_schema = forge and table_name = actionfotos and table_type = 'BASE TABLE') at C:\\Users\\Stijn\\Documents\\git Clones\\ThemeParkPanel\\vendor\\laravel\\framework\\src\\Illuminate\\Database\\Connection.php:669)
[stacktrace]
#0 C:\\Users\\Stijn\\Documents\\git Clones\\ThemeParkPanel\\vendor\\laravel\\framework\\src\\Illuminate\\Database\\Connection.php(629): Illuminate\\Database\\Connection->runQueryCallback('select * from i...', Array, Object(Closure))
#1 C:\\Users\\Stijn\\Documents\\git Clones\\ThemeParkPanel\\vendor\\laravel\\framework\\src\\Illuminate\\Database\\Connection.php(338): Illuminate\\Database\\Connection->run('select * from i...', Array, Object(Closure))
#2 C:\\Users\\Stijn\\Documents\\git Clones\\ThemeParkPanel\\vendor\\laravel\\framework\\src\\Illuminate\\Database\\Schema\\MySqlBuilder.php(18): Illuminate\\Database\\Connection->select('select * from i...', Array)
#3 C:\\Users\\Stijn\\Documents\\git Clones\\ThemeParkPanel\outes\\web.php(95): Illuminate\\Database\\Schema\\MySqlBuilder->hasTable('actionfotos')
#4 C:\\Users\\Stijn\\Documents\\git Clones\\ThemeParkPanel\\vendor\\laravel\\framework\\src\\Illuminate\\Routing\\RouteFileRegistrar.php(35): require('C:\\\\Users\\\\Stijn\\\\...')
#5 C:\\Users\\Stijn\\Documents\\git Clones\\ThemeParkPanel\\vendor\\laravel\\framework\\src\\Illuminate\\Routing\\Router.php(416): Illuminate\\Routing\\RouteFileRegistrar->register('C:\\\\Users\\\\Stijn\\\\...')
#6 C:\\Users\\Stijn\\Documents\\git Clones\\ThemeParkPanel\\vendor\\laravel\\framework\\src\\Illuminate\\Routing\\Router.php(374): Illuminate\\Routing\\Router->loadRoutes('C:\\\\Users\\\\Stijn\\\\...')
#7 C:\\Users\\Stijn\\Documents\\git Clones\\ThemeParkPanel\\vendor\\laravel\\framework\\src\\Illuminate\\Routing\\RouteRegistrar.php(122): Illuminate\\Routing\\Router->group(Array, 'C:\\\\Users\\\\Stijn\\\\...')
#8 C:\\Users\\Stijn\\Documents\\git Clones\\ThemeParkPanel\\app\\Providers\\RouteServiceProvider.php(56): Illuminate\\Routing\\RouteRegistrar->group('C:\\\\Users\\\\Stijn\\\\...')
#9 C:\\Users\\Stijn\\Documents\\git Clones\\ThemeParkPanel\\app\\Providers\\RouteServiceProvider.php(40): App\\Providers\\RouteServiceProvider->mapWebRoutes()
#10 C:\\Users\\Stijn\\Documents\\git Clones\\ThemeParkPanel\\vendor\\laravel\\framework\\src\\Illuminate\\Container\\BoundMethod.php(36): App\\Providers\\RouteServiceProvider->map()
#11 C:\\Users\\Stijn\\Documents\\git Clones\\ThemeParkPanel\\vendor\\laravel\\framework\\src\\Illuminate\\Container\\Util.php(37): Illuminate\\Container\\BoundMethod::Illuminate\\Container\\{closure}()
#12 C:\\Users\\Stijn\\Documents\\git Clones\\ThemeParkPanel\\vendor\\laravel\\framework\\src\\Illuminate\\Container\\BoundMethod.php(93): Illuminate\\Container\\Util::unwrapIfClosure(Object(Closure))
#13 C:\\Users\\Stijn\\Documents\\git Clones\\ThemeParkPanel\\vendor\\laravel\\framework\\src\\Illuminate\\Container\\BoundMethod.php(37): Illuminate\\Container\\BoundMethod::callBoundMethod(Object(Illuminate\\Foundation\\Application), Array, Object(Closure))
#14 C:\\Users\\Stijn\\Documents\\git Clones\\ThemeParkPanel\\vendor\\laravel\\framework\\src\\Illuminate\\Container\\Container.php(590): Illuminate\\Container\\BoundMethod::call(Object(Illuminate\\Foundation\\Application), Array, Array, NULL)
#15 C:\\Users\\Stijn\\Documents\\git Clones\\ThemeParkPanel\\vendor\\laravel\\framework\\src\\Illuminate\\Foundation\\Support\\Providers\\RouteServiceProvider.php(87): Illuminate\\Container\\Container->call(Array)
#16 C:\\Users\\Stijn\\Documents\\git Clones\\ThemeParkPanel\\vendor\\laravel\\framework\\src\\Illuminate\\Foundation\\Support\\Providers\\RouteServiceProvider.php(36): Illuminate\\Foundation\\Support\\Providers\\RouteServiceProvider->loadRoutes()
#17 C:\\Users\\Stijn\\Documents\\git Clones\\ThemeParkPanel\\app\\Providers\\RouteServiceProvider.php(28): Illuminate\\Foundation\\Support\\Providers\\RouteServiceProvider->boot()
#18 C:\\Users\\Stijn\\Documents\\git Clones\\ThemeParkPanel\\vendor\\laravel\\framework\\src\\Illuminate\\Container\\BoundMethod.php(36): App\\Providers\\RouteServiceProvider->boot()
#19 C:\\Users\\Stijn\\Documents\\git Clones\\ThemeParkPanel\\vendor\\laravel\\framework\\src\\Illuminate\\Container\\Util.php(37): Illuminate\\Container\\BoundMethod::Illuminate\\Container\\{closure}()
#20 C:\\Users\\Stijn\\Documents\\git Clones\\ThemeParkPanel\\vendor\\laravel\\framework\\src\\Illuminate\\Container\\BoundMethod.php(93): Illuminate\\Container\\Util::unwrapIfClosure(Object(Closure))
#21 C:\\Users\\Stijn\\Documents\\git Clones\\ThemeParkPanel\\vendor\\laravel\\framework\\src\\Illuminate\\Container\\BoundMethod.php(37): Illuminate\\Container\\BoundMethod::callBoundMethod(Object(Illuminate\\Foundation\\Application), Array, Object(Closure))
#22 C:\\Users\\Stijn\\Documents\\git Clones\\ThemeParkPanel\\vendor\\laravel\\framework\\src\\Illuminate\\Container\\Container.php(590): Illuminate\\Container\\BoundMethod::call(Object(Illuminate\\Foundation\\Application), Array, Array, NULL)
#23 C:\\Users\\Stijn\\Documents\\git Clones\\ThemeParkPanel\\vendor\\laravel\\framework\\src\\Illuminate\\Foundation\\Application.php(856): Illuminate\\Container\\Container->call(Array)
#24 C:\\Users\\Stijn\\Documents\\git Clones\\ThemeParkPanel\\vendor\\laravel\\framework\\src\\Illuminate\\Foundation\\Application.php(839): Illuminate\\Foundation\\Application->bootProvider(Object(App\\Providers\\RouteServiceProvider))
#25 [internal function]: Illuminate\\Foundation\\Application->Illuminate\\Foundation\\{closure}(Object(App\\Providers\\RouteServiceProvider), 24)
#26 C:\\Users\\Stijn\\Documents\\git Clones\\ThemeParkPanel\\vendor\\laravel\\framework\\src\\Illuminate\\Foundation\\Application.php(840): array_walk(Array, Object(Closure))
#27 C:\\Users\\Stijn\\Documents\\git Clones\\ThemeParkPanel\\vendor\\laravel\\framework\\src\\Illuminate\\Foundation\\Bootstrap\\BootProviders.php(17): Illuminate\\Foundation\\Application->boot()
#28 C:\\Users\\Stijn\\Documents\\git Clones\\ThemeParkPanel\\vendor\\laravel\\framework\\src\\Illuminate\\Foundation\\Application.php(219): Illuminate\\Foundation\\Bootstrap\\BootProviders->bootstrap(Object(Illuminate\\Foundation\\Application))
#29 C:\\Users\\Stijn\\Documents\\git Clones\\ThemeParkPanel\\vendor\\laravel\\framework\\src\\Illuminate\\Foundation\\Console\\Kernel.php(320): Illuminate\\Foundation\\Application->bootstrapWith(Array)
#30 C:\\Users\\Stijn\\Documents\\git Clones\\ThemeParkPanel\\vendor\\laravel\\framework\\src\\Illuminate\\Foundation\\Console\\Kernel.php(129): Illuminate\\Foundation\\Console\\Kernel->bootstrap()
#31 C:\\Users\\Stijn\\Documents\\git Clones\\ThemeParkPanel\\artisan(37): Illuminate\\Foundation\\Console\\Kernel->handle(Object(Symfony\\Component\\Console\\Input\\ArgvInput), Object(Symfony\\Component\\Console\\Output\\ConsoleOutput))
#32 {main}

[previous exception] [object] (PDOException(code: 2002): SQLSTATE[HY000] [2002] Kan geen verbinding maken omdat de doelcomputer de verbinding actief heeft geweigerd.
 at C:\\Users\\Stijn\\Documents\\git Clones\\ThemeParkPanel\\vendor\\laravel\\framework\\src\\Illuminate\\Database\\Connectors\\Connector.php:70)
[stacktrace]
#0 C:\\Users\\Stijn\\Documents\\git Clones\\ThemeParkPanel\\vendor\\laravel\\framework\\src\\Illuminate\\Database\\Connectors\\Connector.php(70): PDO->__construct('mysql:host=127....', 'forge', '', Array)
#1 C:\\Users\\Stijn\\Documents\\git Clones\\ThemeParkPanel\\vendor\\laravel\\framework\\src\\Illuminate\\Database\\Connectors\\Connector.php(46): Illuminate\\Database\\Connectors\\Connector->createPdoConnection('mysql:host=127....', 'forge', '', Array)
#2 C:\\Users\\Stijn\\Documents\\git Clones\\ThemeParkPanel\\vendor\\laravel\\framework\\src\\Illuminate\\Database\\Connectors\\MySqlConnector.php(24): Illuminate\\Database\\Connectors\\Connector->createConnection('mysql:host=127....', Array, Array)
#3 C:\\Users\\Stijn\\Documents\\git Clones\\ThemeParkPanel\\vendor\\laravel\\framework\\src\\Illuminate\\Database\\Connectors\\ConnectionFactory.php(182): Illuminate\\Database\\Connectors\\MySqlConnector->connect(Array)
#4 [internal function]: Illuminate\\Database\\Connectors\\ConnectionFactory->Illuminate\\Database\\Connectors\\{closure}()
#5 C:\\Users\\Stijn\\Documents\\git Clones\\ThemeParkPanel\\vendor\\laravel\\framework\\src\\Illuminate\\Database\\Connection.php(924): call_user_func(Object(Closure))
#6 C:\\Users\\Stijn\\Documents\\git Clones\\ThemeParkPanel\\vendor\\laravel\\framework\\src\\Illuminate\\Database\\Connection.php(959): Illuminate\\Database\\Connection->getPdo()
#7 C:\\Users\\Stijn\\Documents\\git Clones\\ThemeParkPanel\\vendor\\laravel\\framework\\src\\Illuminate\\Database\\Connection.php(404): Illuminate\\Database\\Connection->getReadPdo()
#8 C:\\Users\\Stijn\\Documents\\git Clones\\ThemeParkPanel\\vendor\\laravel\\framework\\src\\Illuminate\\Database\\Connection.php(330): Illuminate\\Database\\Connection->getPdoForSelect(true)
#9 C:\\Users\\Stijn\\Documents\\git Clones\\ThemeParkPanel\\vendor\\laravel\\framework\\src\\Illuminate\\Database\\Connection.php(662): Illuminate\\Database\\Connection->Illuminate\\Database\\{closure}('select * from i...', Array)
#10 C:\\Users\\Stijn\\Documents\\git Clones\\ThemeParkPanel\\vendor\\laravel\\framework\\src\\Illuminate\\Database\\Connection.php(629): Illuminate\\Database\\Connection->runQueryCallback('select * from i...', Array, Object(Closure))
#11 C:\\Users\\Stijn\\Documents\\git Clones\\ThemeParkPanel\\vendor\\laravel\\framework\\src\\Illuminate\\Database\\Connection.php(338): Illuminate\\Database\\Connection->run('select * from i...', Array, Object(Closure))
#12 C:\\Users\\Stijn\\Documents\\git Clones\\ThemeParkPanel\\vendor\\laravel\\framework\\src\\Illuminate\\Database\\Schema\\MySqlBuilder.php(18): Illuminate\\Database\\Connection->select('select * from i...', Array)
#13 C:\\Users\\Stijn\\Documents\\git Clones\\ThemeParkPanel\outes\\web.php(95): Illuminate\\Database\\Schema\\MySqlBuilder->hasTable('actionfotos')
#14 C:\\Users\\Stijn\\Documents\\git Clones\\ThemeParkPanel\\vendor\\laravel\\framework\\src\\Illuminate\\Routing\\RouteFileRegistrar.php(35): require('C:\\\\Users\\\\Stijn\\\\...')
#15 C:\\Users\\Stijn\\Documents\\git Clones\\ThemeParkPanel\\vendor\\laravel\\framework\\src\\Illuminate\\Routing\\Router.php(416): Illuminate\\Routing\\RouteFileRegistrar->register('C:\\\\Users\\\\Stijn\\\\...')
#16 C:\\Users\\Stijn\\Documents\\git Clones\\ThemeParkPanel\\vendor\\laravel\\framework\\src\\Illuminate\\Routing\\Router.php(374): Illuminate\\Routing\\Router->loadRoutes('C:\\\\Users\\\\Stijn\\\\...')
#17 C:\\Users\\Stijn\\Documents\\git Clones\\ThemeParkPanel\\vendor\\laravel\\framework\\src\\Illuminate\\Routing\\RouteRegistrar.php(122): Illuminate\\Routing\\Router->group(Array, 'C:\\\\Users\\\\Stijn\\\\...')
#18 C:\\Users\\Stijn\\Documents\\git Clones\\ThemeParkPanel\\app\\Providers\\RouteServiceProvider.php(56): Illuminate\\Routing\\RouteRegistrar->group('C:\\\\Users\\\\Stijn\\\\...')
#19 C:\\Users\\Stijn\\Documents\\git Clones\\ThemeParkPanel\\app\\Providers\\RouteServiceProvider.php(40): App\\Providers\\RouteServiceProvider->mapWebRoutes()
#20 C:\\Users\\Stijn\\Documents\\git Clones\\ThemeParkPanel\\vendor\\laravel\\framework\\src\\Illuminate\\Container\\BoundMethod.php(36): App\\Providers\\RouteServiceProvider->map()
#21 C:\\Users\\Stijn\\Documents\\git Clones\\ThemeParkPanel\\vendor\\laravel\\framework\\src\\Illuminate\\Container\\Util.php(37): Illuminate\\Container\\BoundMethod::Illuminate\\Container\\{closure}()
#22 C:\\Users\\Stijn\\Documents\\git Clones\\ThemeParkPanel\\vendor\\laravel\\framework\\src\\Illuminate\\Container\\BoundMethod.php(93): Illuminate\\Container\\Util::unwrapIfClosure(Object(Closure))
#23 C:\\Users\\Stijn\\Documents\\git Clones\\ThemeParkPanel\\vendor\\laravel\\framework\\src\\Illuminate\\Container\\BoundMethod.php(37): Illuminate\\Container\\BoundMethod::callBoundMethod(Object(Illuminate\\Foundation\\Application), Array, Object(Closure))
#24 C:\\Users\\Stijn\\Documents\\git Clones\\ThemeParkPanel\\vendor\\laravel\\framework\\src\\Illuminate\\Container\\Container.php(590): Illuminate\\Container\\BoundMethod::call(Object(Illuminate\\Foundation\\Application), Array, Array, NULL)
#25 C:\\Users\\Stijn\\Documents\\git Clones\\ThemeParkPanel\\vendor\\laravel\\framework\\src\\Illuminate\\Foundation\\Support\\Providers\\RouteServiceProvider.php(87): Illuminate\\Container\\Container->call(Array)
#26 C:\\Users\\Stijn\\Documents\\git Clones\\ThemeParkPanel\\vendor\\laravel\\framework\\src\\Illuminate\\Foundation\\Support\\Providers\\RouteServiceProvider.php(36): Illuminate\\Foundation\\Support\\Providers\\RouteServiceProvider->loadRoutes()
#27 C:\\Users\\Stijn\\Documents\\git Clones\\ThemeParkPanel\\app\\Providers\\RouteServiceProvider.php(28): Illuminate\\Foundation\\Support\\Providers\\RouteServiceProvider->boot()
#28 C:\\Users\\Stijn\\Documents\\git Clones\\ThemeParkPanel\\vendor\\laravel\\framework\\src\\Illuminate\\Container\\BoundMethod.php(36): App\\Providers\\RouteServiceProvider->boot()
#29 C:\\Users\\Stijn\\Documents\\git Clones\\ThemeParkPanel\\vendor\\laravel\\framework\\src\\Illuminate\\Container\\Util.php(37): Illuminate\\Container\\BoundMethod::Illuminate\\Container\\{closure}()
#30 C:\\Users\\Stijn\\Documents\\git Clones\\ThemeParkPanel\\vendor\\laravel\\framework\\src\\Illuminate\\Container\\BoundMethod.php(93): Illuminate\\Container\\Util::unwrapIfClosure(Object(Closure))
#31 C:\\Users\\Stijn\\Documents\\git Clones\\ThemeParkPanel\\vendor\\laravel\\framework\\src\\Illuminate\\Container\\BoundMethod.php(37): Illuminate\\Container\\BoundMethod::callBoundMethod(Object(Illuminate\\Foundation\\Application), Array, Object(Closure))
#32 C:\\Users\\Stijn\\Documents\\git Clones\\ThemeParkPanel\\vendor\\laravel\\framework\\src\\Illuminate\\Container\\Container.php(590): Illuminate\\Container\\BoundMethod::call(Object(Illuminate\\Foundation\\Application), Array, Array, NULL)
#33 C:\\Users\\Stijn\\Documents\\git Clones\\ThemeParkPanel\\vendor\\laravel\\framework\\src\\Illuminate\\Foundation\\Application.php(856): Illuminate\\Container\\Container->call(Array)
#34 C:\\Users\\Stijn\\Documents\\git Clones\\ThemeParkPanel\\vendor\\laravel\\framework\\src\\Illuminate\\Foundation\\Application.php(839): Illuminate\\Foundation\\Application->bootProvider(Object(App\\Providers\\RouteServiceProvider))
#35 [internal function]: Illuminate\\Foundation\\Application->Illuminate\\Foundation\\{closure}(Object(App\\Providers\\RouteServiceProvider), 24)
#36 C:\\Users\\Stijn\\Documents\\git Clones\\ThemeParkPanel\\vendor\\laravel\\framework\\src\\Illuminate\\Foundation\\Application.php(840): array_walk(Array, Object(Closure))
#37 C:\\Users\\Stijn\\Documents\\git Clones\\ThemeParkPanel\\vendor\\laravel\\framework\\src\\Illuminate\\Foundation\\Bootstrap\\BootProviders.php(17): Illuminate\\Foundation\\Application->boot()
#38 C:\\Users\\Stijn\\Documents\\git Clones\\ThemeParkPanel\\vendor\\laravel\\framework\\src\\Illuminate\\Foundation\\Application.php(219): Illuminate\\Foundation\\Bootstrap\\BootProviders->bootstrap(Object(Illuminate\\Foundation\\Application))
#39 C:\\Users\\Stijn\\Documents\\git Clones\\ThemeParkPanel\\vendor\\laravel\\framework\\src\\Illuminate\\Foundation\\Console\\Kernel.php(320): Illuminate\\Foundation\\Application->bootstrapWith(Array)
#40 C:\\Users\\Stijn\\Documents\\git Clones\\ThemeParkPanel\\vendor\\laravel\\framework\\src\\Illuminate\\Foundation\\Console\\Kernel.php(129): Illuminate\\Foundation\\Console\\Kernel->bootstrap()
#41 C:\\Users\\Stijn\\Documents\\git Clones\\ThemeParkPanel\\artisan(37): Illuminate\\Foundation\\Console\\Kernel->handle(Object(Symfony\\Component\\Console\\Input\\ArgvInput), Object(Symfony\\Component\\Console\\Output\\ConsoleOutput))
#42 {main}
"} 
